<?xml version="1.0" encoding="UTF-8"?>
<!-- Generated by org.testng.reporters.JUnitXMLReporter -->
<testsuite hostname="DESKTOP-MPL4FM9" ignored="0" name="Test" tests="5" failures="0" timestamp="01 Jan 2020 16:55:19 GMT" time="79.814" errors="0">
  <testcase name="test1" time="15.189" classname="utils.ExcelDataProvider"/>
  <testcase name="test1" time="15.985" classname="utils.ExcelDataProvider"/>
  <testcase name="test1" time="17.054" classname="utils.ExcelDataProvider"/>
  <testcase name="test1" time="15.532" classname="utils.ExcelDataProvider"/>
  <testcase name="CaptureScreenshot" time="10.143" classname="utils.Guru99ScreenShotTaken"/>
</testsuite> <!-- Test -->
